Silence Detection Summary:
----------------------------------------

Entry 1:
Time: 12:20:19
Marked Time: 10.18s
Number of Silent Regions: 1
Longest Silent Region: 800ms
Status: success

Entry 2:
Time: 12:20:27
Marked Time: 16.61s
Number of Silent Regions: 2
Longest Silent Region: 650ms
Status: success

Entry 3:
Time: 12:20:39
Marked Time: 26.17s
Number of Silent Regions: 1
Longest Silent Region: 600ms
Status: success

Entry 4:
Time: 12:20:48
Marked Time: 33.17s
Number of Silent Regions: 1
Longest Silent Region: 800ms
Status: success

Entry 5:
Time: 12:21:17
Marked Time: 45.92s
Number of Silent Regions: 0
Status: success

Entry 6:
Time: 12:21:32
Marked Time: 59.92s
Number of Silent Regions: 1
Longest Silent Region: 650ms
Status: success

Entry 7:
Time: 12:21:39
Marked Time: 65.52s
Number of Silent Regions: 0
Status: success

Entry 8:
Time: 12:21:52
Marked Time: 71.53s
Number of Silent Regions: 1
Longest Silent Region: 650ms
Status: success

Entry 9:
Time: 12:21:59
Marked Time: 77.58s
Number of Silent Regions: 1
Longest Silent Region: 600ms
Status: success

Entry 10:
Time: 12:22:06
Marked Time: 82.46s
Number of Silent Regions: 1
Longest Silent Region: 200ms
Status: success

Entry 11:
Time: 12:22:16
Marked Time: 90.43s
Number of Silent Regions: 1
Longest Silent Region: 800ms
Status: success

Entry 12:
Time: 12:22:32
Marked Time: 105.05s
Number of Silent Regions: 2
Longest Silent Region: 550ms
Status: success

Entry 13:
Time: 12:22:39
Marked Time: 111.08s
Number of Silent Regions: 0
Status: success

Entry 14:
Time: 12:22:45
Marked Time: 115.34s
Number of Silent Regions: 0
Status: success

Entry 15:
Time: 13:37:54
Marked Time: 122.12s
Number of Silent Regions: 1
Longest Silent Region: 800ms
Status: success

Entry 16:
Time: 13:38:02
Marked Time: 128.73s
Number of Silent Regions: 1
Longest Silent Region: 850ms
Status: success

Entry 17:
Time: 13:38:08
Marked Time: 133.02s
Number of Silent Regions: 0
Status: success

Entry 18:
Time: 13:38:11
Marked Time: 135.80s
Number of Silent Regions: 0
Status: success

Entry 19:
Time: 13:38:18
Marked Time: 141.65s
Number of Silent Regions: 1
Longest Silent Region: 500ms
Status: success

Entry 20:
Time: 13:38:25
Marked Time: 147.57s
Number of Silent Regions: 1
Longest Silent Region: 500ms
Status: success

Entry 21:
Time: 13:38:35
Marked Time: 156.03s
Number of Silent Regions: 1
Longest Silent Region: 900ms
Status: success

Entry 22:
Time: 13:38:47
Marked Time: 165.95s
Number of Silent Regions: 1
Longest Silent Region: 600ms
Status: success

Entry 23:
Time: 13:38:54
Marked Time: 171.03s
Number of Silent Regions: 0
Status: success

Entry 24:
Time: 13:39:01
Marked Time: 176.90s
Number of Silent Regions: 0
Status: success

Entry 25:
Time: 13:39:12
Marked Time: 187.61s
Number of Silent Regions: 2
Longest Silent Region: 550ms
Status: success

Entry 26:
Time: 13:39:29
Marked Time: 201.93s
Number of Silent Regions: 1
Longest Silent Region: 500ms
Status: success

Entry 27:
Time: 13:39:36
Marked Time: 207.36s
Number of Silent Regions: 0
Status: success

Entry 28:
Time: 13:39:48
Marked Time: 212.27s
Number of Silent Regions: 2
Longest Silent Region: 700ms
Status: success

Entry 29:
Time: 13:39:54
Marked Time: 216.25s
Number of Silent Regions: 0
Status: success

Entry 30:
Time: 13:39:58
Marked Time: 218.51s
Number of Silent Regions: 2
Longest Silent Region: 850ms
Status: success

Entry 31:
Time: 13:40:11
Marked Time: 220.72s
Number of Silent Regions: 0
Status: success

Entry 32:
Time: 13:40:22
Marked Time: 230.68s
Number of Silent Regions: 1
Longest Silent Region: 650ms
Status: success

Entry 33:
Time: 13:40:27
Marked Time: 234.06s
Number of Silent Regions: 0
Status: success

Entry 34:
Time: 13:40:52
Marked Time: 237.86s
Number of Silent Regions: 0
Status: success

Entry 35:
Time: 13:41:23
Marked Time: 245.70s
Number of Silent Regions: 2
Longest Silent Region: 200ms
Status: success

Entry 36:
Time: 13:41:28
Marked Time: 249.10s
Number of Silent Regions: 1
Longest Silent Region: 250ms
Status: success

Entry 37:
Time: 13:41:50
Marked Time: 268.43s
Number of Silent Regions: 0
Status: success

Entry 38:
Time: 13:41:56
Marked Time: 273.85s
Number of Silent Regions: 0
Status: success

Entry 39:
Time: 13:42:07
Marked Time: 283.52s
Number of Silent Regions: 1
Longest Silent Region: 300ms
Status: success

Entry 40:
Time: 13:42:18
Marked Time: 293.03s
Number of Silent Regions: 1
Longest Silent Region: 850ms
Status: success

Entry 41:
Time: 13:42:31
Marked Time: 298.27s
Number of Silent Regions: 1
Longest Silent Region: 750ms
Status: success

Entry 42:
Time: 13:42:37
Marked Time: 301.57s
Number of Silent Regions: 2
Longest Silent Region: 300ms
Status: success

Entry 43:
Time: 13:42:44
Marked Time: 305.97s
Number of Silent Regions: 1
Longest Silent Region: 500ms
Status: success

Entry 44:
Time: 13:43:01
Marked Time: 309.19s
Number of Silent Regions: 0
Status: success

Entry 45:
Time: 13:43:13
Marked Time: 320.01s
Number of Silent Regions: 0
Status: success

Entry 46:
Time: 13:43:27
Marked Time: 325.19s
Number of Silent Regions: 0
Status: success

Entry 47:
Time: 13:43:37
Marked Time: 334.13s
Number of Silent Regions: 1
Longest Silent Region: 950ms
Status: success

Entry 48:
Time: 13:43:45
Marked Time: 340.71s
Number of Silent Regions: 1
Longest Silent Region: 900ms
Status: success

Entry 49:
Time: 13:44:00
Marked Time: 353.86s
Number of Silent Regions: 0
Status: success

Entry 50:
Time: 13:44:08
Marked Time: 360.29s
Number of Silent Regions: 0
Status: success

Entry 51:
Time: 13:44:13
Marked Time: 363.34s
Number of Silent Regions: 1
Longest Silent Region: 950ms
Status: success

Entry 52:
Time: 13:44:19
Marked Time: 367.60s
Number of Silent Regions: 2
Longest Silent Region: 700ms
Status: success

Entry 53:
Time: 13:46:37
Marked Time: 380.94s
Number of Silent Regions: 1
Longest Silent Region: 300ms
Status: success

Entry 54:
Time: 13:46:41
Marked Time: 383.41s
Number of Silent Regions: 1
Longest Silent Region: 900ms
Status: success

Entry 55:
Time: 13:46:54
Marked Time: 393.71s
Number of Silent Regions: 2
Longest Silent Region: 650ms
Status: success

Entry 56:
Time: 13:47:16
Marked Time: 402.08s
Number of Silent Regions: 1
Longest Silent Region: 950ms
Status: success

Entry 57:
Time: 13:47:45
Marked Time: 405.72s
Number of Silent Regions: 2
Longest Silent Region: 700ms
Status: success

Entry 58:
Time: 13:47:56
Marked Time: 415.59s
Number of Silent Regions: 0
Status: success

Entry 59:
Time: 13:48:29
Marked Time: 436.88s
Number of Silent Regions: 2
Longest Silent Region: 550ms
Status: success

Entry 60:
Time: 13:48:34
Marked Time: 440.87s
Number of Silent Regions: 1
Longest Silent Region: 850ms
Status: success

Entry 61:
Time: 13:48:54
Marked Time: 451.54s
Number of Silent Regions: 0
Status: success

Entry 62:
Time: 13:49:05
Marked Time: 461.94s
Number of Silent Regions: 1
Longest Silent Region: 700ms
Status: success

Entry 63:
Time: 13:49:13
Marked Time: 467.14s
Number of Silent Regions: 0
Status: success

Entry 64:
Time: 13:49:24
Marked Time: 477.33s
Number of Silent Regions: 0
Status: success

Entry 65:
Time: 13:49:31
Marked Time: 482.81s
Number of Silent Regions: 0
Status: success

Entry 66:
Time: 13:49:38
Marked Time: 488.39s
Number of Silent Regions: 1
Longest Silent Region: 300ms
Status: success

Entry 67:
Time: 13:49:50
Marked Time: 497.73s
Number of Silent Regions: 1
Longest Silent Region: 700ms
Status: success

Entry 68:
Time: 13:52:06
Marked Time: 509.11s
Number of Silent Regions: 0
Status: success

Entry 69:
Time: 13:52:16
Marked Time: 517.43s
Number of Silent Regions: 1
Longest Silent Region: 800ms
Status: success

Entry 70:
Time: 13:52:23
Marked Time: 522.46s
Number of Silent Regions: 1
Longest Silent Region: 450ms
Status: success

Entry 71:
Time: 13:53:24
Marked Time: 534.95s
Number of Silent Regions: 1
Longest Silent Region: 800ms
Status: success

Entry 72:
Time: 13:53:36
Marked Time: 545.46s
Number of Silent Regions: 0
Status: success

Entry 73:
Time: 13:53:47
Marked Time: 554.70s
Number of Silent Regions: 1
Longest Silent Region: 800ms
Status: success

Entry 74:
Time: 13:53:52
Marked Time: 557.75s
Number of Silent Regions: 0
Status: success

Entry 75:
Time: 13:54:03
Marked Time: 567.87s
Number of Silent Regions: 1
Longest Silent Region: 350ms
Status: success

Entry 76:
Time: 13:54:09
Marked Time: 571.60s
Number of Silent Regions: 0
Status: success

Entry 77:
Time: 13:54:16
Marked Time: 577.58s
Number of Silent Regions: 1
Longest Silent Region: 600ms
Status: success

Entry 78:
Time: 13:54:25
Marked Time: 584.63s
Number of Silent Regions: 1
Longest Silent Region: 250ms
Status: success

Entry 79:
Time: 13:54:38
Marked Time: 594.65s
Number of Silent Regions: 1
Longest Silent Region: 450ms
Status: success

Entry 80:
Time: 13:54:52
Marked Time: 606.93s
Number of Silent Regions: 1
Longest Silent Region: 550ms
Status: success

Entry 81:
Time: 13:55:16
Marked Time: 628.46s
Number of Silent Regions: 0
Status: success

Entry 82:
Time: 13:55:24
Marked Time: 634.93s
Number of Silent Regions: 1
Longest Silent Region: 750ms
Status: success

Entry 83:
Time: 13:55:34
Marked Time: 643.12s
Number of Silent Regions: 0
Status: success

Entry 84:
Time: 13:55:40
Marked Time: 648.02s
Number of Silent Regions: 0
Status: success

Entry 85:
Time: 13:55:54
Marked Time: 659.92s
Number of Silent Regions: 0
Status: success

Entry 86:
Time: 13:55:59
Marked Time: 664.04s
Number of Silent Regions: 2
Longest Silent Region: 500ms
Status: success

Entry 87:
Time: 13:56:10
Marked Time: 673.63s
Number of Silent Regions: 0
Status: success

Entry 88:
Time: 13:56:22
Marked Time: 677.31s
Number of Silent Regions: 2
Longest Silent Region: 350ms
Status: success

Entry 89:
Time: 13:56:33
Marked Time: 682.11s
Number of Silent Regions: 1
Longest Silent Region: 800ms
Status: success

Entry 90:
Time: 13:56:52
Marked Time: 686.66s
Number of Silent Regions: 0
Status: success

Entry 91:
Time: 14:14:45
Marked Time: 695.83s
Number of Silent Regions: 2
Longest Silent Region: 950ms
Status: success

Entry 92:
Time: 14:14:50
Marked Time: 699.24s
Number of Silent Regions: 0
Status: success

Entry 93:
Time: 14:14:58
Marked Time: 705.84s
Number of Silent Regions: 0
Status: success

Entry 94:
Time: 14:15:07
Marked Time: 714.53s
Number of Silent Regions: 1
Longest Silent Region: 750ms
Status: success

Entry 95:
Time: 14:15:14
Marked Time: 718.89s
Number of Silent Regions: 1
Longest Silent Region: 650ms
Status: success

Entry 96:
Time: 14:15:18
Marked Time: 721.27s
Number of Silent Regions: 0
Status: success

Entry 97:
Time: 14:15:39
Marked Time: 741.08s
Number of Silent Regions: 2
Longest Silent Region: 950ms
Status: success

Entry 98:
Time: 14:15:45
Marked Time: 745.31s
Number of Silent Regions: 2
Longest Silent Region: 450ms
Status: success

Entry 99:
Time: 14:15:57
Marked Time: 757.69s
Number of Silent Regions: 0
Status: success

Entry 100:
Time: 14:16:23
Marked Time: 770.65s
Number of Silent Regions: 0
Status: success

Entry 101:
Time: 14:16:39
Marked Time: 784.88s
Number of Silent Regions: 0
Status: success

Entry 102:
Time: 14:16:47
Marked Time: 791.92s
Number of Silent Regions: 1
Longest Silent Region: 350ms
Status: success

Entry 103:
Time: 14:17:05
Marked Time: 806.92s
Number of Silent Regions: 0
Status: success

Entry 104:
Time: 14:17:12
Marked Time: 811.31s
Number of Silent Regions: 0
Status: success

Entry 105:
Time: 14:17:19
Marked Time: 816.15s
Number of Silent Regions: 0
Status: success

Entry 106:
Time: 14:17:43
Marked Time: 827.68s
Number of Silent Regions: 1
Longest Silent Region: 700ms
Status: success

Entry 107:
Time: 14:17:55
Marked Time: 836.71s
Number of Silent Regions: 0
Status: success

Entry 108:
Time: 14:18:16
Marked Time: 842.31s
Number of Silent Regions: 0
Status: success

Entry 109:
Time: 14:18:28
Marked Time: 852.59s
Number of Silent Regions: 0
Status: success

Entry 110:
Time: 14:18:40
Marked Time: 862.88s
Number of Silent Regions: 0
Status: success

Entry 111:
Time: 14:18:49
Marked Time: 870.28s
Number of Silent Regions: 2
Longest Silent Region: 650ms
Status: success

Entry 112:
Time: 14:19:02
Marked Time: 875.66s
Number of Silent Regions: 0
Status: success

Entry 113:
Time: 14:19:40
Marked Time: 902.09s
Number of Silent Regions: 2
Longest Silent Region: 800ms
Status: success

Entry 114:
Time: 14:20:04
Marked Time: 908.24s
Number of Silent Regions: 1
Longest Silent Region: 800ms
Status: success

Entry 115:
Time: 14:20:22
Marked Time: 924.58s
Number of Silent Regions: 1
Longest Silent Region: 800ms
Status: success

Entry 116:
Time: 14:20:30
Marked Time: 929.08s
Number of Silent Regions: 1
Longest Silent Region: 800ms
Status: success

Entry 117:
Time: 14:20:38
Marked Time: 934.67s
Number of Silent Regions: 1
Longest Silent Region: 850ms
Status: success

Entry 118:
Time: 14:20:46
Marked Time: 939.51s
Number of Silent Regions: 0
Status: success

Entry 119:
Time: 14:20:53
Marked Time: 945.02s
Number of Silent Regions: 1
Longest Silent Region: 650ms
Status: success

Entry 120:
Time: 14:21:01
Marked Time: 950.22s
Number of Silent Regions: 1
Longest Silent Region: 600ms
Status: success

Entry 121:
Time: 14:21:17
Marked Time: 963.77s
Number of Silent Regions: 1
Longest Silent Region: 800ms
Status: success

Entry 122:
Time: 14:21:27
Marked Time: 971.83s
Number of Silent Regions: 0
Status: success

Entry 123:
Time: 14:21:34
Marked Time: 978.42s
Number of Silent Regions: 1
Longest Silent Region: 600ms
Status: success

Entry 124:
Time: 14:21:47
Marked Time: 988.64s
Number of Silent Regions: 1
Longest Silent Region: 650ms
Status: success

Entry 125:
Time: 14:21:54
Marked Time: 993.78s
Number of Silent Regions: 2
Longest Silent Region: 250ms
Status: success

Entry 126:
Time: 14:22:12
Marked Time: 1009.41s
Number of Silent Regions: 0
Status: success

Entry 127:
Time: 14:22:36
Marked Time: 1018.40s
Number of Silent Regions: 0
Status: success

Entry 128:
Time: 14:23:02
Marked Time: 1035.99s
Number of Silent Regions: 0
Status: success

Entry 129:
Time: 14:23:18
Marked Time: 1050.33s
Number of Silent Regions: 1
Longest Silent Region: 300ms
Status: success

Entry 130:
Time: 14:23:27
Marked Time: 1056.63s
Number of Silent Regions: 1
Longest Silent Region: 600ms
Status: success

Entry 131:
Time: 14:23:34
Marked Time: 1061.17s
Number of Silent Regions: 1
Longest Silent Region: 200ms
Status: success

Entry 132:
Time: 14:23:42
Marked Time: 1066.93s
Number of Silent Regions: 1
Longest Silent Region: 850ms
Status: success

Entry 133:
Time: 14:23:47
Marked Time: 1070.36s
Number of Silent Regions: 0
Status: success

Entry 134:
Time: 14:23:58
Marked Time: 1079.55s
Number of Silent Regions: 0
Status: success

Entry 135:
Time: 14:24:08
Marked Time: 1088.14s
Number of Silent Regions: 0
Status: success

Entry 136:
Time: 14:24:17
Marked Time: 1095.30s
Number of Silent Regions: 2
Longest Silent Region: 800ms
Status: success

Entry 137:
Time: 14:24:34
Marked Time: 1110.23s
Number of Silent Regions: 0
Status: success

Entry 138:
Time: 14:24:59
Marked Time: 1128.65s
Number of Silent Regions: 0
Status: success

Entry 139:
Time: 14:25:15
Marked Time: 1137.18s
Number of Silent Regions: 1
Longest Silent Region: 500ms
Status: success

Entry 140:
Time: 14:25:24
Marked Time: 1144.14s
Number of Silent Regions: 1
Longest Silent Region: 650ms
Status: success

Entry 141:
Time: 14:25:34
Marked Time: 1152.08s
Number of Silent Regions: 1
Longest Silent Region: 950ms
Status: success

Entry 142:
Time: 14:25:46
Marked Time: 1161.91s
Number of Silent Regions: 0
Status: success

Entry 143:
Time: 14:25:53
Marked Time: 1167.95s
Number of Silent Regions: 1
Longest Silent Region: 350ms
Status: success

Entry 144:
Time: 14:26:05
Marked Time: 1177.03s
Number of Silent Regions: 1
Longest Silent Region: 750ms
Status: success

Entry 145:
Time: 14:26:09
Marked Time: 1179.84s
Number of Silent Regions: 0
Status: success

Entry 146:
Time: 14:26:19
Marked Time: 1188.13s
Number of Silent Regions: 2
Longest Silent Region: 800ms
Status: success

Entry 147:
Time: 14:26:27
Marked Time: 1193.26s
Number of Silent Regions: 3
Longest Silent Region: 750ms
Status: success

Entry 148:
Time: 14:26:33
Marked Time: 1198.17s
Number of Silent Regions: 2
Longest Silent Region: 350ms
Status: success

Entry 149:
Time: 14:26:56
Marked Time: 1206.72s
Number of Silent Regions: 1
Longest Silent Region: 750ms
Status: success

Entry 150:
Time: 14:27:08
Marked Time: 1215.85s
Number of Silent Regions: 0
Status: success

Entry 151:
Time: 14:27:25
Marked Time: 1225.36s
Number of Silent Regions: 0
Status: success

Entry 152:
Time: 14:27:29
Marked Time: 1228.19s
Number of Silent Regions: 0
Status: success

Entry 153:
Time: 14:27:42
Marked Time: 1231.19s
Number of Silent Regions: 2
Longest Silent Region: 750ms
Status: success

Entry 154:
Time: 14:27:53
Marked Time: 1240.61s
Number of Silent Regions: 2
Longest Silent Region: 1000ms
Status: success

Entry 155:
Time: 14:28:06
Marked Time: 1250.33s
Number of Silent Regions: 0
Status: success

Entry 156:
Time: 14:28:17
Marked Time: 1257.19s
Number of Silent Regions: 2
Longest Silent Region: 700ms
Status: success

Entry 157:
Time: 14:28:38
Marked Time: 1275.76s
Number of Silent Regions: 2
Longest Silent Region: 550ms
Status: success

Entry 158:
Time: 14:28:42
Marked Time: 1278.46s
Number of Silent Regions: 0
Status: success

Entry 159:
Time: 14:28:56
Marked Time: 1285.87s
Number of Silent Regions: 1
Longest Silent Region: 600ms
Status: success

Entry 160:
Time: 14:29:29
Marked Time: 1308.48s
Number of Silent Regions: 0
Status: success

Entry 161:
Time: 14:29:44
Marked Time: 1322.28s
Number of Silent Regions: 1
Longest Silent Region: 800ms
Status: success

Entry 162:
Time: 14:29:57
Marked Time: 1333.18s
Number of Silent Regions: 2
Longest Silent Region: 550ms
Status: success

Entry 163:
Time: 14:30:14
Marked Time: 1337.63s
Number of Silent Regions: 1
Longest Silent Region: 850ms
Status: success

Entry 164:
Time: 14:30:22
Marked Time: 1343.93s
Number of Silent Regions: 0
Status: success

Entry 165:
Time: 14:30:34
Marked Time: 1354.37s
Number of Silent Regions: 1
Longest Silent Region: 300ms
Status: success

Entry 166:
Time: 14:30:41
Marked Time: 1359.05s
Number of Silent Regions: 0
Status: success

Entry 167:
Time: 14:30:46
Marked Time: 1361.72s
Number of Silent Regions: 0
Status: success

Entry 168:
Time: 14:30:54
Marked Time: 1368.30s
Number of Silent Regions: 2
Longest Silent Region: 500ms
Status: success

Entry 169:
Time: 14:31:07
Marked Time: 1373.51s
Number of Silent Regions: 1
Longest Silent Region: 550ms
Status: success

Entry 170:
Time: 14:31:19
Marked Time: 1379.81s
Number of Silent Regions: 1
Longest Silent Region: 650ms
Status: success

Entry 171:
Time: 14:31:28
Marked Time: 1385.81s
Number of Silent Regions: 0
Status: success